# JRE version: Java(TM) SE Runtime Environment (17.0.6+9) (build 17.0.6+9-LTS-190)
# Java VM: Java HotSpot(TM) 64-Bit Server VM (17.0.6+9-LTS-190, mixed mode, sharing, tiered, compressed oops, compressed class ptrs, g1 gc, windows-amd64)
GC Precious Log:
 CPUs: 4 total, 4 available
 Memory: 7867M
 Large Page Support: Disabled
 NUMA Support: Disabled
 Compressed Oops: Enabled (32-bit)
 Heap Region Size: 1M
 Heap Min Capacity: 8M
 Heap Initial Capacity: 124M
 Heap Max Capacity: 1968M
 Pre-touch: Disabled
 Parallel Workers: 4
 Concurrent Workers: 1
 Concurrent Refinement Workers: 4
 Periodic GC: Disabled
Heap:
 garbage-first heap   total 333824K, used 116606K [0x0000000085000000, 0x0000000100000000)
  region size 1024K, 16 young (16384K), 16 survivors (16384K)
 Metaspace       used 33368K, committed 33792K, reserved 1081344K
  class space    used 4129K, committed 4352K, reserved 1048576K
GC Heap History (20 events):
Event: 16.932 GC heap after
{Heap after GC invocations=17 (full 0):
 garbage-first heap   total 102400K, used 59610K [0x0000000085000000, 0x0000000100000000)
  region size 1024K, 2 young (2048K), 2 survivors (2048K)
 Metaspace       used 33362K, committed 33792K, reserved 1081344K
  class space    used 4127K, committed 4352K, reserved 1048576K
}
Event: 17.151 GC heap before
{Heap before GC invocations=18 (full 0):
 garbage-first heap   total 102400K, used 75994K [0x0000000085000000, 0x0000000100000000)
  region size 1024K, 17 young (17408K), 2 survivors (2048K)
 Metaspace       used 33362K, committed 33792K, reserved 1081344K
  class space    used 4127K, committed 4352K, reserved 1048576K
}
Event: 17.163 GC heap after
{Heap after GC invocations=19 (full 0):
 garbage-first heap   total 166912K, used 67124K [0x0000000085000000, 0x0000000100000000)
  region size 1024K, 3 young (3072K), 3 survivors (3072K)
 Metaspace       used 33362K, committed 33792K, reserved 1081344K
  class space    used 4127K, committed 4352K, reserved 1048576K
}
Event: 17.237 GC heap before
{Heap before GC invocations=19 (full 0):
 garbage-first heap   total 166912K, used 72244K [0x0000000085000000, 0x0000000100000000)
  region size 1024K, 8 young (8192K), 3 survivors (3072K)
 Metaspace       used 33362K, committed 33792K, reserved 1081344K
  class space    used 4127K, committed 4352K, reserved 1048576K
}
Event: 17.245 GC heap after
{Heap after GC invocations=20 (full 0):
 garbage-first heap   total 166912K, used 68608K [0x0000000085000000, 0x0000000100000000)
  region size 1024K, 1 young (1024K), 1 survivors (1024K)
 Metaspace       used 33362K, committed 33792K, reserved 1081344K
  class space    used 4127K, committed 4352K, reserved 1048576K
}
Event: 17.558 GC heap before
{Heap before GC invocations=20 (full 0):
 garbage-first heap   total 166912K, used 115712K [0x0000000085000000, 0x0000000100000000)
  region size 1024K, 43 young (44032K), 1 survivors (1024K)
 Metaspace       used 33363K, committed 33792K, reserved 1081344K
  class space    used 4128K, committed 4352K, reserved 1048576K
}
Event: 17.571 GC heap after
{Heap after GC invocations=21 (full 0):
 garbage-first heap   total 166912K, used 84180K [0x0000000085000000, 0x0000000100000000)
  region size 1024K, 6 young (6144K), 6 survivors (6144K)
 Metaspace       used 33363K, committed 33792K, reserved 1081344K
  class space    used 4128K, committed 4352K, reserved 1048576K
}
Event: 17.619 GC heap before
{Heap before GC invocations=21 (full 0):
 garbage-first heap   total 166912K, used 118996K [0x0000000085000000, 0x0000000100000000)
  region size 1024K, 40 young (40960K), 6 survivors (6144K)
 Metaspace       used 33363K, committed 33792K, reserved 1081344K
  class space    used 4128K, committed 4352K, reserved 1048576K
}
Event: 17.631 GC heap after
{Heap after GC invocations=22 (full 0):
 garbage-first heap   total 166912K, used 87116K [0x0000000085000000, 0x0000000100000000)
  region size 1024K, 3 young (3072K), 3 survivors (3072K)
 Metaspace       used 33363K, committed 33792K, reserved 1081344K
  class space    used 4128K, committed 4352K, reserved 1048576K
}
Event: 17.679 GC heap before
{Heap before GC invocations=22 (full 0):
 garbage-first heap   total 166912K, used 122956K [0x0000000085000000, 0x0000000100000000)
  region size 1024K, 38 young (38912K), 3 survivors (3072K)
 Metaspace       used 33365K, committed 33792K, reserved 1081344K
  class space    used 4128K, committed 4352K, reserved 1048576K
}
Event: 17.686 GC heap after
{Heap after GC invocations=23 (full 0):
 garbage-first heap   total 333824K, used 88424K [0x0000000085000000, 0x0000000100000000)
  region size 1024K, 4 young (4096K), 4 survivors (4096K)
 Metaspace       used 33365K, committed 33792K, reserved 1081344K
  class space    used 4128K, committed 4352K, reserved 1048576K
}
Event: 18.011 GC heap before
{Heap before GC invocations=24 (full 0):
 garbage-first heap   total 333824K, used 209256K [0x0000000085000000, 0x0000000100000000)
  region size 1024K, 127 young (130048K), 4 survivors (4096K)
 Metaspace       used 33367K, committed 33792K, reserved 1081344K
  class space    used 4129K, committed 4352K, reserved 1048576K
}
Event: 18.108 GC heap after
{Heap after GC invocations=25 (full 0):
 garbage-first heap   total 333824K, used 89009K [0x0000000085000000, 0x0000000100000000)
  region size 1024K, 10 young (10240K), 10 survivors (10240K)
 Metaspace       used 33367K, committed 33792K, reserved 1081344K
  class space    used 4129K, committed 4352K, reserved 1048576K
}
Event: 18.120 GC heap before
{Heap before GC invocations=25 (full 0):
 garbage-first heap   total 333824K, used 95153K [0x0000000085000000, 0x0000000100000000)
  region size 1024K, 16 young (16384K), 10 survivors (10240K)
 Metaspace       used 33368K, committed 33792K, reserved 1081344K
  class space    used 4129K, committed 4352K, reserved 1048576K
}
Event: 18.134 GC heap after
{Heap after GC invocations=26 (full 0):
 garbage-first heap   total 333824K, used 88995K [0x0000000085000000, 0x0000000100000000)
  region size 1024K, 2 young (2048K), 2 survivors (2048K)
 Metaspace       used 33368K, committed 33792K, reserved 1081344K
  class space    used 4129K, committed 4352K, reserved 1048576K
}
Event: 18.452 GC heap before
{Heap before GC invocations=26 (full 0):
 garbage-first heap   total 333824K, used 245667K [0x0000000085000000, 0x0000000100000000)
  region size 1024K, 153 young (156672K), 2 survivors (2048K)
 Metaspace       used 33368K, committed 33792K, reserved 1081344K
  class space    used 4129K, committed 4352K, reserved 1048576K
}
Event: 18.473 GC heap after
{Heap after GC invocations=27 (full 0):
 garbage-first heap   total 333824K, used 97775K [0x0000000085000000, 0x0000000100000000)
  region size 1024K, 8 young (8192K), 8 survivors (8192K)
 Metaspace       used 33368K, committed 33792K, reserved 1081344K
  class space    used 4129K, committed 4352K, reserved 1048576K
}
Event: 18.958 GC heap before
{Heap before GC invocations=27 (full 0):
 garbage-first heap   total 333824K, used 252399K [0x0000000085000000, 0x0000000100000000)
  region size 1024K, 158 young (161792K), 8 survivors (8192K)
 Metaspace       used 33368K, committed 33792K, reserved 1081344K
  class space    used 4129K, committed 4352K, reserved 1048576K
}
Event: 18.977 GC heap after
{Heap after GC invocations=28 (full 0):
 garbage-first heap   total 333824K, used 106989K [0x0000000085000000, 0x0000000100000000)
  region size 1024K, 16 young (16384K), 16 survivors (16384K)
 Metaspace       used 33368K, committed 33792K, reserved 1081344K
  class space    used 4129K, committed 4352K, reserved 1048576K
}
Event: 19.532 GC heap before
{Heap before GC invocations=28 (full 0):
 garbage-first heap   total 333824K, used 261613K [0x0000000085000000, 0x0000000100000000)
  region size 1024K, 165 young (168960K), 16 survivors (16384K)
 Metaspace       used 33368K, committed 33792K, reserved 1081344K
  class space    used 4129K, committed 4352K, reserved 1048576K
}

