# JRE version: Java(TM) SE Runtime Environment (17.0.6+9) (build 17.0.6+9-LTS-190)
# Java VM: Java HotSpot(TM) 64-Bit Server VM (17.0.6+9-LTS-190, mixed mode, sharing, tiered, compressed oops, compressed class ptrs, g1 gc, windows-amd64)
GC Precious Log:
 CPUs: 4 total, 4 available
 Memory: 7867M
 Large Page Support: Disabled
 NUMA Support: Disabled
 Compressed Oops: Enabled (32-bit)
 Heap Region Size: 1M
 Heap Min Capacity: 8M
 Heap Initial Capacity: 124M
 Heap Max Capacity: 1968M
 Pre-touch: Disabled
 Parallel Workers: 4
 Concurrent Workers: 1
 Concurrent Refinement Workers: 4
 Periodic GC: Disabled
Heap:
 garbage-first heap   total 494592K, used 163328K [0x0000000085000000, 0x0000000100000000)
  region size 1024K, 27 young (27648K), 27 survivors (27648K)
 Metaspace       used 33480K, committed 33984K, reserved 1081344K
  class space    used 4128K, committed 4352K, reserved 1048576K
GC Heap History (20 events):
Event: 584.546 GC heap after
{Heap after GC invocations=20 (full 0):
 garbage-first heap   total 102400K, used 63627K [0x0000000085000000, 0x0000000100000000)
  region size 1024K, 2 young (2048K), 2 survivors (2048K)
 Metaspace       used 33477K, committed 33984K, reserved 1081344K
  class space    used 4127K, committed 4352K, reserved 1048576K
}
Event: 584.780 GC heap before
{Heap before GC invocations=21 (full 0):
 garbage-first heap   total 121856K, used 78987K [0x0000000085000000, 0x0000000100000000)
  region size 1024K, 15 young (15360K), 2 survivors (2048K)
 Metaspace       used 33477K, committed 33984K, reserved 1081344K
  class space    used 4127K, committed 4352K, reserved 1048576K
}
Event: 584.790 GC heap after
{Heap after GC invocations=22 (full 0):
 garbage-first heap   total 121856K, used 70920K [0x0000000085000000, 0x0000000100000000)
  region size 1024K, 2 young (2048K), 2 survivors (2048K)
 Metaspace       used 33477K, committed 33984K, reserved 1081344K
  class space    used 4127K, committed 4352K, reserved 1048576K
}
Event: 584.832 GC heap before
{Heap before GC invocations=22 (full 0):
 garbage-first heap   total 121856K, used 73992K [0x0000000085000000, 0x0000000100000000)
  region size 1024K, 5 young (5120K), 2 survivors (2048K)
 Metaspace       used 33477K, committed 33984K, reserved 1081344K
  class space    used 4127K, committed 4352K, reserved 1048576K
}
Event: 584.838 GC heap after
{Heap after GC invocations=23 (full 0):
 garbage-first heap   total 271360K, used 71680K [0x0000000085000000, 0x0000000100000000)
  region size 1024K, 1 young (1024K), 1 survivors (1024K)
 Metaspace       used 33477K, committed 33984K, reserved 1081344K
  class space    used 4127K, committed 4352K, reserved 1048576K
}
Event: 585.279 GC heap before
{Heap before GC invocations=23 (full 0):
 garbage-first heap   total 271360K, used 163840K [0x0000000085000000, 0x0000000100000000)
  region size 1024K, 87 young (89088K), 1 survivors (1024K)
 Metaspace       used 33479K, committed 33984K, reserved 1081344K
  class space    used 4128K, committed 4352K, reserved 1048576K
}
Event: 585.294 GC heap after
{Heap after GC invocations=24 (full 0):
 garbage-first heap   total 271360K, used 86424K [0x0000000085000000, 0x0000000100000000)
  region size 1024K, 11 young (11264K), 11 survivors (11264K)
 Metaspace       used 33479K, committed 33984K, reserved 1081344K
  class space    used 4128K, committed 4352K, reserved 1048576K
}
Event: 585.441 GC heap before
{Heap before GC invocations=24 (full 0):
 garbage-first heap   total 271360K, used 167320K [0x0000000085000000, 0x0000000100000000)
  region size 1024K, 90 young (92160K), 11 survivors (11264K)
 Metaspace       used 33480K, committed 33984K, reserved 1081344K
  class space    used 4128K, committed 4352K, reserved 1048576K
}
Event: 585.455 GC heap after
{Heap after GC invocations=25 (full 0):
 garbage-first heap   total 271360K, used 91494K [0x0000000085000000, 0x0000000100000000)
  region size 1024K, 5 young (5120K), 5 survivors (5120K)
 Metaspace       used 33480K, committed 33984K, reserved 1081344K
  class space    used 4128K, committed 4352K, reserved 1048576K
}
Event: 585.553 GC heap before
{Heap before GC invocations=25 (full 0):
 garbage-first heap   total 271360K, used 178534K [0x0000000085000000, 0x0000000100000000)
  region size 1024K, 89 young (91136K), 5 survivors (5120K)
 Metaspace       used 33480K, committed 33984K, reserved 1081344K
  class space    used 4128K, committed 4352K, reserved 1048576K
}
Event: 585.562 GC heap after
{Heap after GC invocations=26 (full 0):
 garbage-first heap   total 271360K, used 96109K [0x0000000085000000, 0x0000000100000000)
  region size 1024K, 9 young (9216K), 9 survivors (9216K)
 Metaspace       used 33480K, committed 33984K, reserved 1081344K
  class space    used 4128K, committed 4352K, reserved 1048576K
}
Event: 585.678 GC heap before
{Heap before GC invocations=26 (full 0):
 garbage-first heap   total 271360K, used 190317K [0x0000000085000000, 0x0000000100000000)
  region size 1024K, 99 young (101376K), 9 survivors (9216K)
 Metaspace       used 33480K, committed 33984K, reserved 1081344K
  class space    used 4128K, committed 4352K, reserved 1048576K
}
Event: 585.698 GC heap after
{Heap after GC invocations=27 (full 0):
 garbage-first heap   total 494592K, used 102606K [0x0000000085000000, 0x0000000100000000)
  region size 1024K, 9 young (9216K), 9 survivors (9216K)
 Metaspace       used 33480K, committed 33984K, reserved 1081344K
  class space    used 4128K, committed 4352K, reserved 1048576K
}
Event: 586.423 GC heap before
{Heap before GC invocations=27 (full 0):
 garbage-first heap   total 494592K, used 366798K [0x0000000085000000, 0x0000000100000000)
  region size 1024K, 266 young (272384K), 9 survivors (9216K)
 Metaspace       used 33480K, committed 33984K, reserved 1081344K
  class space    used 4128K, committed 4352K, reserved 1048576K
}
Event: 586.461 GC heap after
{Heap after GC invocations=28 (full 0):
 garbage-first heap   total 494592K, used 116740K [0x0000000085000000, 0x0000000100000000)
  region size 1024K, 22 young (22528K), 22 survivors (22528K)
 Metaspace       used 33480K, committed 33984K, reserved 1081344K
  class space    used 4128K, committed 4352K, reserved 1048576K
}
Event: 586.690 GC heap before
{Heap before GC invocations=28 (full 0):
 garbage-first heap   total 494592K, used 375812K [0x0000000085000000, 0x0000000100000000)
  region size 1024K, 273 young (279552K), 22 survivors (22528K)
 Metaspace       used 33480K, committed 33984K, reserved 1081344K
  class space    used 4128K, committed 4352K, reserved 1048576K
}
Event: 586.760 GC heap after
{Heap after GC invocations=29 (full 0):
 garbage-first heap   total 494592K, used 132395K [0x0000000085000000, 0x0000000100000000)
  region size 1024K, 31 young (31744K), 31 survivors (31744K)
 Metaspace       used 33480K, committed 33984K, reserved 1081344K
  class space    used 4128K, committed 4352K, reserved 1048576K
}
Event: 587.062 GC heap before
{Heap before GC invocations=29 (full 0):
 garbage-first heap   total 494592K, used 386347K [0x0000000085000000, 0x0000000100000000)
  region size 1024K, 276 young (282624K), 31 survivors (31744K)
 Metaspace       used 33480K, committed 33984K, reserved 1081344K
  class space    used 4128K, committed 4352K, reserved 1048576K
}
Event: 587.289 GC heap after
{Heap after GC invocations=30 (full 0):
 garbage-first heap   total 494592K, used 149487K [0x0000000085000000, 0x0000000100000000)
  region size 1024K, 28 young (28672K), 28 survivors (28672K)
 Metaspace       used 33480K, committed 33984K, reserved 1081344K
  class space    used 4128K, committed 4352K, reserved 1048576K
}
Event: 587.537 GC heap before
{Heap before GC invocations=30 (full 0):
 garbage-first heap   total 494592K, used 386031K [0x0000000085000000, 0x0000000100000000)
  region size 1024K, 259 young (265216K), 28 survivors (28672K)
 Metaspace       used 33480K, committed 33984K, reserved 1081344K
  class space    used 4128K, committed 4352K, reserved 1048576K
}

